C51 COMPILER V9.57.0.0   MAIN                                                              12/18/2019 11:57:11 PAGE 1   


C51 COMPILER V9.57.0.0, COMPILATION OF MODULE MAIN
OBJECT MODULE PLACED IN .\Objects\main.obj
COMPILER INVOKED BY: D:\Keil\C51\BIN\C51.EXE User\main.c OPTIMIZE(8,SPEED) BROWSE INCDIR(.\User;.\APP\lcd1602;.\APP\keyb
                    -orad) DEBUG OBJECTEXTEND PRINT(.\Listings\main.lst) OBJECT(.\Objects\main.obj)

line level    source

   1          #include "main.h"
   2          #include "string.h"
   3          
   4          /***********************************************************
   5          *       @breif          延时函数
   6          *       @param          nms: 延时 nms 毫秒
   7          *       @retval         None
   8          *       @note           该函数是在12MHZ晶振下，12分频单片机的延时。
   9          ************************************************************/
  10          void delay_ms(uint nms)
  11          {
  12   1              uchar i=0,j=0;
  13   1              for (; nms>0; nms--)
  14   1              {
  15   2                       for (i=199;i>0;i--)
  16   2                       {
  17   3                              for(j=1;j>0;j--);
  18   3                       }      
  19   2              }
  20   1      }
  21          
  22          
  23          uchar calc_buf[50]={0};
  24          
  25          int main(void)
  26          {
  27   1              uint num = 0;
  28   1              uchar* pch = NULL;
  29   1              float result=0;
  30   1              
  31   1              lcd1602_init();
  32   1      
  33   1              while(1)
  34   1              {
  35   2                      pch=key_getvalue();  // 获取运算类型
  36   2                      if(!strcmp(KEY_SQRT_VALUE,pch)) // 进行开方运算
  37   2                      {
  38   3                              strcpy(calc_buf,pch);
  39   3                              lcd1602_show_string(0,0,calc_buf,1);    
  40   3                              while(strcmp(KEY_CALC_VALUE,pch))
  41   3                              {
  42   4                                      pch=key_getvalue();
  43   4                                      if(*pch >= '0' && *pch <= '9')
  44   4                                      {
  45   5                                              num = num * 10 + (*pch) - '0';
  46   5                                              sprintf(calc_buf,"%s %d",calc_buf,num);                         
  47   5                                              lcd1602_show_string(0,0,calc_buf,1); 
  48   5                                              //lcd1602_show_num(4,0,num);
  49   5                                      }
  50   4                              }
  51   3                              result = sqrt((float)num);
  52   3                              sprintf(calc_buf,"%f",result);
  53   3                              lcd1602_show_string(0,1,calc_buf,1);
  54   3                      }                       
C51 COMPILER V9.57.0.0   MAIN                                                              12/18/2019 11:57:11 PAGE 2   

  55   2                      else if(!strcmp(KEY_LOG10_VALUE,pch))
  56   2                      {
  57   3                              strcpy(calc_buf,pch);
  58   3                              lcd1602_show_string(0,0,calc_buf,1);    
  59   3                              while(strcmp(KEY_CALC_VALUE,pch))
  60   3                              {
  61   4                                      pch=key_getvalue();
  62   4                                      if(*pch >= '0' && *pch <= '9')
  63   4                                      {
  64   5                                              num = num * 10 + (*pch) - '0';
  65   5                                              sprintf(calc_buf,"%s %d",calc_buf,num);
  66   5                                              
  67   5                                              lcd1602_show_string(0,0,calc_buf,1); 
  68   5                                              //lcd1602_show_num(4,0,num);
  69   5                                      }
  70   4                              }
  71   3                              result = log10((float)num);
  72   3                              sprintf(calc_buf,"%f",result);
  73   3                              lcd1602_show_string(0,1,calc_buf,1);
  74   3                      }
  75   2                      else if(!strcmp(KEY_SIN_VALUE,pch))
  76   2                      {
  77   3                              strcpy(calc_buf,pch);
  78   3                              lcd1602_show_string(0,0,calc_buf,1);    
  79   3                              while(strcmp(KEY_CALC_VALUE,pch))
  80   3                              {
  81   4                                      pch=key_getvalue();
  82   4                                      if(*pch >= '0' && *pch <= '9')
  83   4                                      {
  84   5                                              num = num * 10 + (*pch) - '0';
  85   5                                              sprintf(calc_buf,"%s %d",calc_buf,num);
  86   5                                              
  87   5                                              lcd1602_show_string(0,0,calc_buf,1); 
  88   5                                              //lcd1602_show_num(4,0,num);
  89   5                                      }
  90   4                              }
  91   3                              result = sin((float)num);
  92   3                              sprintf(calc_buf,"%f",result);
  93   3                              lcd1602_show_string(0,1,calc_buf,1);
  94   3                      }
  95   2                      else if(!strcmp(KEY_COS_VALUE,pch))
  96   2                      {
  97   3                              strcpy(calc_buf,pch);
  98   3                              lcd1602_show_string(0,0,calc_buf,1);    
  99   3                              while(strcmp(KEY_CALC_VALUE,pch))
 100   3                              {
 101   4                                      pch=key_getvalue();
 102   4                                      if(*pch >= '0' && *pch <= '9')
 103   4                                      {
 104   5                                              num = num * 10 + (*pch) - '0';
 105   5                                              sprintf(calc_buf,"%s %d",calc_buf,num);
 106   5                                              
 107   5                                              lcd1602_show_string(0,0,calc_buf,1); 
 108   5                                              //lcd1602_show_num(4,0,num);
 109   5                                      }
 110   4                              }
 111   3                              result = cos((float)num);
 112   3                              sprintf(calc_buf,"%f",result);
 113   3                              lcd1602_show_string(0,1,calc_buf,1);
 114   3                      }
 115   2                      else if(!strcmp(KEY_TAN_VALUE,pch))
 116   2                      {
C51 COMPILER V9.57.0.0   MAIN                                                              12/18/2019 11:57:11 PAGE 3   

 117   3                              strcpy(calc_buf,pch);
 118   3                              lcd1602_show_string(0,0,calc_buf,1);    
 119   3                              while(strcmp(KEY_CALC_VALUE,pch))
 120   3                              {
 121   4                                      pch=key_getvalue();
 122   4                                      if(*pch >= '0' && *pch <= '9')
 123   4                                      {
 124   5                                              num = num * 10 + (*pch) - '0';
 125   5                                              sprintf(calc_buf,"%s %d",calc_buf,num);
 126   5                                              
 127   5                                              lcd1602_show_string(0,0,calc_buf,1); 
 128   5                                              //lcd1602_show_num(4,0,num);
 129   5                                      }
 130   4                              }
 131   3                              result = tan((float)num);
 132   3                              sprintf(calc_buf,"%f",result);
 133   3                              lcd1602_show_string(0,1,calc_buf,1);
 134   3                      }               
 135   2                      else if(!strcmp(KEY_CLEAR_VALUE,pch))
 136   2                      {
 137   3                              lcd1602_write(0x01,LCD1602_CMD);
 138   3                      }       
 139   2                      num = 0 ;
 140   2                      memset(calc_buf,0x00,sizeof(calc_buf));
 141   2              }
 142   1      }


MODULE INFORMATION:   STATIC OVERLAYABLE
   CODE SIZE        =   1003    ----
   CONSTANT SIZE    =     40    ----
   XDATA SIZE       =   ----    ----
   PDATA SIZE       =   ----    ----
   DATA SIZE        =     50       9
   IDATA SIZE       =   ----    ----
   BIT SIZE         =   ----    ----
END OF MODULE INFORMATION.


C51 COMPILATION COMPLETE.  0 WARNING(S),  0 ERROR(S)
